[www.bokaboka.es/index.html]
[backblue.gif]
[fade.gif]
[index.html]
[assets.website-files.com/618d86c673be275b3e52b4ca/css/boka-boka-prod.webflow.97a939b33.css]
[ajax.googleapis.com/ajax/libs/webfont/1.6.26/webfont.js]
[assets.website-files.com/618d86c673be275b3e52b4ca/618d874d7fafdd0a93756c96_Favicon_small.jpg]
[assets.website-files.com/618d86c673be275b3e52b4ca/618d8755383de9792e0e46c0_Favicon_big.jpg]
[www.googletagmanager.com/gtag/jsaf7b]
[cdn.jetboost.io/jetboost.js]
[www.bokaboka.es/ginecologo-y-matrona.html]
[www.bokaboka.es/pediatra.html]
[www.bokaboka.es/recomienda.html]
[assets.website-files.com/618d86c673be275b3e52b4ca/6244b0e47241bca3ea9395c7_Stocksy_txp7124ec96iON300_Small_2571896.jpg]
[assets.website-files.com/618d86c673be275b3e52b4ca/62b5da97b4830829f2ad75d8_Stocksy_txp9523e8338zM300_Medium_4021686-(1).jpg]
[assets.website-files.com/618d86c673be275b3e52b4ca/62b5dbc59b231c439bb31755_Stocksy_txpb3bd31c8TzM300_Medium_4016305.jpg]
[assets.website-files.com/618d86c673be275b3e52b4ca/6244b1417241bc678d93970c_Stocksy_txp9523e8338zM300_Small_3684519.jpg]
[assets.website-files.com/618d86c673be275b3e52b4ca/6244b0e376e7d415ba908752_Stocksy_txp7124ec96iON300_Small_888276.jpg]
[assets.website-files.com/618d86c673be275b3e52b4ca/624af2b9262b41d97e796d0a_Stocksy_txp9523e8338zM300_Medium_4015954.jpg]
[assets.website-files.com/618d86c673be275b3e52b4ca/6244b38b99a4723ed3b93a31_Stocksy_txp7124ec96iON300_Small_3595149.jpg]
[assets.website-files.com/618d86c673be275b3e52b4ca/6244b38ba47418832b850557_Stocksy_txp7124ec96iON300_Small_2008008.jpg]
[assets.website-files.com/618d86c673be275b3e52b4ca/6244b38bec3dc82a20e9425a_Stocksy_txp7124ec96iON300_Small_2863843.jpg]
[d3e54v103j8qbb.cloudfront.net/js/jquery-3.5.1.min.dc5e7f18c8829b.js]
[www.bokaboka.es/index.html]
[assets.website-files.com/618d86c673be275b3e52b4ca/css/boka-boka-prod.webflow.97a939b33.css]
[assets.website-files.com/618d86c673be275b3e52b4ca/js/webflow.9efaf8ae0.js]
[www.bokaboka.es/ginecologo-y-matrona.html]
[www.bokaboka.es/pediatra.html]
[www.bokaboka.es/recomienda.html]
[www.instagram.com/bokaboka_vegan/index.html]
[www.bokaboka.es/doctor]
[www.bokaboka.es/privacidad-y-terminos]
